\BOOKMARK [2][]{Outline0.1}{Introduction to FPGA}{}% 1
\BOOKMARK [2][]{Outline0.2}{Introduction}{}% 2
\BOOKMARK [2][]{Outline0.3}{Project Scope}{}% 3
\BOOKMARK [2][]{Outline0.4}{Methodology}{}% 4
\BOOKMARK [2][]{Outline0.5}{Rundown on Algorithm}{}% 5
\BOOKMARK [2][]{Outline0.6}{Hardware Connections}{}% 6
\BOOKMARK [2][]{Outline0.7}{Installation of open-source tools}{}% 7
\BOOKMARK [2][]{Outline0.8}{Installation of Dependencies}{}% 8
\BOOKMARK [2][]{Outline0.9}{Icestorm installation}{}% 9
\BOOKMARK [2][]{Outline0.10}{Arachne installation}{}% 10
\BOOKMARK [2][]{Outline0.11}{Yosys Installation}{}% 11
\BOOKMARK [2][]{Outline0.12}{Icoprog Installation}{}% 12
\BOOKMARK [2][]{Outline0.13}{Implementation}{}% 13
\BOOKMARK [2][]{Outline0.14}{Implementation details}{}% 14
\BOOKMARK [2][]{Outline0.15}{Execution}{}% 15
\BOOKMARK [2][]{Outline0.16}{Execution}{}% 16
\BOOKMARK [2][]{Outline0.17}{Execution}{}% 17
\BOOKMARK [2][]{Outline0.18}{Changes after LSB Insertion}{}% 18
\BOOKMARK [2][]{Outline0.19}{Alternative Methods}{}% 19
\BOOKMARK [2][]{Outline0.20}{Alternative Methods}{}% 20
\BOOKMARK [2][]{Outline0.21}{References}{}% 21
